
Status: FAILED!
Check: 1
Test: Problem 47
Reason: Expected:
+-----------+-----------+-----------+------------+-----------+-----------+------------+------------+------------+-----------+
| MNG_FNAME | MNG_LNAME | DEPT_NAME | DEPT_PHONE | EMP_FNAME | EMP_LNAME | CUST_FNAME | CUST_LNAME |  INV_DATE  | INV_TOTAL |
+-----------+-----------+-----------+------------+-----------+-----------+------------+------------+------------+-----------+
| FRANKLYN  |  STOVER   |   SALES   |  555-2824  |  THURMAN  | WILKINSON |   DARELL   |   HAGAN    | 2021-05-18 |  315.04   |
+-----------+-----------+-----------+------------+-----------+-----------+------------+------------+------------+-----------+
Found:
+------------------+-----------------+-----------+------------+-------------------+------------------+-------------------+------------------+------------+-----------+
| MANAGERFIRSTNAME | MANAGERLASTNAME | DEPT_NAME | DEPT_PHONE | EMPLOYEEFIRSTNAME | EMPLOYEELASTNAME | CUSTOMERFIRSTNAME | CUSTOMERLASTNAME |  INV_DATE  | INV_TOTAL |
+------------------+-----------------+-----------+------------+-------------------+------------------+-------------------+------------------+------------+-----------+
|     FRANKLYN     |     STOVER      |   SALES   |  555-2824  |      THURMAN      |    WILKINSON     |      DARELL       |      HAGAN       | 2021-05-18 |  315.04   |
+------------------+-----------------+-----------+------------+-------------------+------------------+-------------------+------------------+------------+-----------+
Error : AssertionError - 
Timestamp: 2025-06-08 06:19:42.281830
