
Status: FAILED!
Check: 1
Test: Problem 45
Reason: Expected:
+-----------------+
| LARGEST AVERAGE |
+-----------------+
|      22.59      |
+-----------------+
Found:
+--------------------------+
| ROUND(MAX(A.AVERAGEC),2) |
+--------------------------+
|          22.59           |
+--------------------------+
Error : AssertionError - 
Timestamp: 2025-06-08 05:52:17.750938
