
Status: FAILED!
Check: 1
Test: Problem 8
Reason: Expected:
+------------------------+-------------------------+
| SUMOFSUMOFASSIGN_HOURS | SUMOFSUMOFASSIGN_CHARGE |
+------------------------+-------------------------+
|          90.6          |         7612.64         |
+------------------------+-------------------------+
Found:
+-------------------+--------------------+
| SUMOFASSIGN_HOURS | SUMOFASSIGN_CHARGE |
+-------------------+--------------------+
|       90.6        |      7612.64       |
+-------------------+--------------------+
Error : AssertionError - 
Timestamp: 2025-06-06 01:23:38.337466
