
Status: FAILED!
Check: 1
Test: Problem 32
Reason: Expected:
+----------+-------------------------+---------------------+-------+-------+---------+------------+--------+
|  P_CODE  |       P_DESCRIPT        |      P_INDATE       | P_QOH | P_MIN | P_PRICE | P_DISCOUNT | V_CODE |
+----------+-------------------------+---------------------+-------+-------+---------+------------+--------+
| 13-Q2/P2 | 7.25-in. pwr. saw blade | 2021-12-13 00:00:00 |  19   |  15   |  14.99  |    0.05    | 21344  |
+----------+-------------------------+---------------------+-------+-------+---------+------------+--------+
Found:
+----------+-------------------------+---------------------+-------+-------+---------+------------+--------+
|  P_CODE  |       P_DESCRIPT        |      P_INDATE       | P_QOH | P_MIN | P_PRICE | P_DISCOUNT | V_CODE |
+----------+-------------------------+---------------------+-------+-------+---------+------------+--------+
| 13-Q2/P2 | 7.25-in. pwr. saw blade | 2021-12-13 00:00:00 |  32   |  15   |  14.99  |    0.05    | 21344  |
+----------+-------------------------+---------------------+-------+-------+---------+------------+--------+
Error : AssertionError - 
Timestamp: 2025-06-15 04:15:26.742194
