
Status: FAILED!
Check: 1
Test: Problem 78
Reason: Expected:
+-----------------+
| NUMBER OF BOOKS |
+-----------------+
|       20        |
+-----------------+
Found:
+---------------+
| NUMBEROFBOOKS |
+---------------+
|      20       |
+---------------+
Error : AssertionError - 
Timestamp: 2025-06-08 11:07:49.660640
