
Status: FAILED!
Check: 1
Test: Problem 103
Reason: Expected:
+-------------------+
| AVERAGE DAYS KEPT |
+-------------------+
|       21.29       |
+-------------------+
Found:
+-------------------+
| AVERAGE DAYS KEPT |
+-------------------+
|       4.44        |
+-------------------+
Error : AssertionError - 
Timestamp: 2025-06-08 13:36:17.291285
