
Status: FAILED!
Check: 1
Test: Problem 28
Reason: Expected:
+---------+----------+------------+------------+
| INV_NUM | CUST_NUM |  INV_DATE  | INV_AMOUNT |
+---------+----------+------------+------------+
|  8006   |   1000   | 2022-04-30 |   301.72   |
+---------+----------+------------+------------+
Found:

Error : AssertionError - 
Timestamp: 2025-06-15 03:45:45.181487
