
Status: FAILED!
Check: 1
Test: Problem 22
Reason: Expected:
+----------+------------+------------+--------------+
| CUST_NUM | CUST_LNAME | CUST_FNAME | CUST_BALANCE |
+----------+------------+------------+--------------+
|   2000   |   Powers   |    Ruth    |    500.00    |
+----------+------------+------------+--------------+
Found:
+----------+------------+------------+--------------+----------+
| CUST_NUM | CUST_LNAME | CUST_FNAME | CUST_BALANCE | CUST_DOB |
+----------+------------+------------+--------------+----------+
|   2000   |   Powers   |    Ruth    |    500.00    |   NULL   |
+----------+------------+------------+--------------+----------+
Error : AssertionError - 
Timestamp: 2025-06-14 21:13:17.962102
