
Status: FAILED!
Check: 1
Test: Problem 24
Reason: Expected:
+----------+------------+
| CUST_NUM |  CUST_DOB  |
+----------+------------+
|   1000   | 1989-03-15 |
+----------+------------+
Found:
+----------+----------+
| CUST_NUM | CUST_DOB |
+----------+----------+
|   1000   |   NULL   |
+----------+----------+
Error : AssertionError - 
Timestamp: 2025-06-14 21:23:29.790614
