
Status: FAILED!
Check: 1
Test: Problem 18
Reason: Expected:
+----------+------------+------------+--------------+
| CUST_NUM | CUST_LNAME | CUST_FNAME | CUST_BALANCE |
+----------+------------+------------+--------------+
|   1000   |   Smith    |   Jeanne   |   1050.11    |
|   1001   |   Ortega   |    Juan    |    840.92    |
+----------+------------+------------+--------------+
Found:

Error : AssertionError - 
Timestamp: 2025-06-14 03:53:59.862533
