
Status: FAILED!
Check: 1
Test: Problem 9
Reason: Expected:
+----------+
| COUNT(*) |
+----------+
|    8     |
+----------+
Found:
+-------------------+
| COUNT(INV_NUMBER) |
+-------------------+
|         8         |
+-------------------+
Error : AssertionError - 
Timestamp: 2025-06-06 04:43:38.263268
