
Status: FAILED!
Check: 1
Test: Problem 12
Reason: Expected:
+---------+-----------+-----------+-------------+--------------+----------+---------+----------+
| EMP_NUM | EMP_LNAME | EMP_FNAME | EMP_INITIAL | EMP_HIREDATE | JOB_CODE | EMP_PCT | PROJ_NUM |
+---------+-----------+-----------+-------------+--------------+----------+---------+----------+
|   107   |  Alonzo   |   Maria   |      D      |  1997-10-10  |   501    |  5.15   |   NULL   |
+---------+-----------+-----------+-------------+--------------+----------+---------+----------+
Found:
+---------+-----------+-----------+-------------+--------------+----------+---------+----------+
| EMP_NUM | EMP_LNAME | EMP_FNAME | EMP_INITIAL | EMP_HIREDATE | JOB_CODE | EMP_PCT | PROJ_NUM |
+---------+-----------+-----------+-------------+--------------+----------+---------+----------+
|   107   |  Alonzo   |   Maria   |      D      |  1997-10-10  |   501    |  5.15   |   3.85   |
+---------+-----------+-----------+-------------+--------------+----------+---------+----------+
Error : AssertionError - 
Timestamp: 2025-06-13 04:18:00.602462
