
Status: FAILED!
Check: 1
Test: Problem 13
Reason: Expected:
+---------+------------+-----------+-------------+--------------+----------+---------+----------+
| EMP_NUM | EMP_LNAME  | EMP_FNAME | EMP_INITIAL | EMP_HIREDATE | JOB_CODE | EMP_PCT | PROJ_NUM |
+---------+------------+-----------+-------------+--------------+----------+---------+----------+
|   103   |  Arbough   |   June    |      E      |  2000-12-01  |   500    |  3.85   |    18    |
|   106   | Smithfield |  William  |    NULL     |  2008-06-22  |   500    |  10.00  |    18    |
+---------+------------+-----------+-------------+--------------+----------+---------+----------+
Found:
+---------+------------+-----------+-------------+--------------+----------+---------+----------+
| EMP_NUM | EMP_LNAME  | EMP_FNAME | EMP_INITIAL | EMP_HIREDATE | JOB_CODE | EMP_PCT | PROJ_NUM |
+---------+------------+-----------+-------------+--------------+----------+---------+----------+
|   103   |  Arbough   |   June    |      E      |  2000-12-01  |   500    |  10.00  |    18    |
|   106   | Smithfield |  William  |    NULL     |  2008-06-22  |   500    |  10.00  |    18    |
+---------+------------+-----------+-------------+--------------+----------+---------+----------+
Error : AssertionError - 
Timestamp: 2025-06-13 04:31:54.434018
